2025-01-19 17:21:09,689 - __main__ - WARNING - Using mock model for development
2025-01-19 17:21:09,698 - __main__ - INFO - Starting DR Detection API server...
2025-01-19 17:21:09,733 - main - WARNING - Using mock model for development
2025-01-19 17:21:28,530 - main - INFO - Successfully processed image: retina-capture.jpg
2025-01-19 17:33:54,442 - main - INFO - Application shutting down...
2025-01-19 17:33:54,442 - __main__ - INFO - Received signal 2. Shutting down gracefully...
2025-01-19 18:30:23,431 - __main__ - WARNING - Using mock model for development
2025-01-19 18:30:23,444 - __main__ - INFO - Starting DR Detection API server...
2025-01-19 18:30:23,467 - main - WARNING - Using mock model for development
2025-01-19 18:30:45,478 - main - INFO - Successfully processed image: retina-capture.jpg
2025-01-19 19:14:18,652 - __main__ - WARNING - Using mock model for development
2025-01-19 19:14:18,660 - __main__ - INFO - Starting DR Detection API server...
2025-01-19 19:14:18,696 - main - WARNING - Using mock model for development
2025-01-19 19:15:27,054 - main - INFO - Successfully processed image: 13_right.jpeg
2025-01-19 19:15:49,030 - main - INFO - Successfully processed image: retina-capture.jpg
2025-01-19 19:16:36,291 - main - INFO - Successfully processed image: 15_left.jpeg
2025-01-19 20:18:48,970 - __main__ - WARNING - Using mock model for development
2025-01-19 20:18:48,978 - __main__ - INFO - Starting DR Detection API server...
2025-01-19 20:18:49,004 - main - WARNING - Using mock model for development
2025-01-19 20:18:49,009 - main - INFO - Application shutting down...
2025-01-19 20:19:04,571 - main - INFO - Successfully processed image: 13_right.jpeg
2025-01-19 20:20:01,385 - main - INFO - Successfully processed image: 13_right.jpeg
2025-01-19 20:43:17,604 - __main__ - ERROR - Environment variable NEXT_PUBLIC_PYTHON_API_URL not set.
2025-01-19 20:43:17,612 - __main__ - INFO - Starting DR Detection API server...
2025-01-19 20:43:17,649 - main - ERROR - Environment variable NEXT_PUBLIC_PYTHON_API_URL not set.
2025-01-19 20:43:17,655 - main - INFO - Application shutting down...
2025-01-19 20:50:26,857 - __main__ - ERROR - Environment variable NEXT_PUBLIC_PYTHON_API_URL not set.
2025-01-19 20:50:26,866 - __main__ - INFO - Starting DR Detection API server...
2025-01-19 20:50:26,906 - main - ERROR - Environment variable NEXT_PUBLIC_PYTHON_API_URL not set.
2025-01-19 20:50:38,361 - main - INFO - Successfully processed image: retina-capture.jpg
2025-01-19 20:52:03,067 - main - INFO - Application shutting down...
2025-01-19 20:52:03,068 - __main__ - INFO - Received signal 2. Shutting down gracefully...
2025-01-19 20:52:10,760 - __main__ - ERROR - Environment variable NEXT_PUBLIC_PYTHON_API_URL not set.
2025-01-19 20:52:10,768 - __main__ - INFO - Starting DR Detection API server...
2025-01-19 20:52:10,808 - main - ERROR - Environment variable NEXT_PUBLIC_PYTHON_API_URL not set.
2025-01-19 20:52:20,955 - main - INFO - Successfully processed image: 15_right.jpeg
2025-01-19 20:52:55,531 - main - INFO - Application shutting down...
2025-01-19 20:52:55,532 - __main__ - INFO - Received signal 2. Shutting down gracefully...
2025-01-19 20:53:03,966 - __main__ - ERROR - Environment variable NEXT_PUBLIC_PYTHON_API_URL not set.
2025-01-19 20:53:03,973 - __main__ - INFO - Starting DR Detection API server...
2025-01-19 20:53:04,011 - main - ERROR - Environment variable NEXT_PUBLIC_PYTHON_API_URL not set.
2025-01-19 20:53:04,317 - main - INFO - Application shutting down...
2025-01-19 20:53:04,318 - __main__ - INFO - Received signal 2. Shutting down gracefully...
2025-01-19 20:53:25,970 - __main__ - ERROR - Environment variable NEXT_PUBLIC_PYTHON_API_URL not set.
2025-01-19 20:53:25,980 - __main__ - INFO - Starting DR Detection API server...
2025-01-19 20:53:26,015 - main - ERROR - Environment variable NEXT_PUBLIC_PYTHON_API_URL not set.
2025-01-19 20:56:30,656 - main - INFO - Successfully processed image: 15_right.jpeg
2025-01-19 20:56:44,911 - main - INFO - Successfully processed image: retina-capture.jpg
2025-01-19 21:22:13,963 - main - INFO - Successfully processed image: retina-capture.jpg
